[0.030s] Invoking command in '/home/aaron/ros2_ws/build/my_bot': CMAKE_PREFIX_PATH=${CMAKE_PREFIX_PATH}:/opt/ros/kilted /usr/bin/cmake --build /home/aaron/ros2_ws/build/my_bot -- -j4 -l4
[0.131s] Invoked command in '/home/aaron/ros2_ws/build/my_bot' returned '0': CMAKE_PREFIX_PATH=${CMAKE_PREFIX_PATH}:/opt/ros/kilted /usr/bin/cmake --build /home/aaron/ros2_ws/build/my_bot -- -j4 -l4
[0.158s] Invoking command in '/home/aaron/ros2_ws/build/my_bot': CMAKE_PREFIX_PATH=${CMAKE_PREFIX_PATH}:/opt/ros/kilted /usr/bin/cmake --install /home/aaron/ros2_ws/build/my_bot
[0.180s] -- Install configuration: ""
[0.181s] -- Up-to-date: /home/aaron/ros2_ws/install/my_bot/share/my_bot/config
[0.181s] -- Up-to-date: /home/aaron/ros2_ws/install/my_bot/share/my_bot/config/empty.yaml
[0.181s] -- Up-to-date: /home/aaron/ros2_ws/install/my_bot/share/my_bot/config/rviz_config.rviz
[0.181s] -- Up-to-date: /home/aaron/ros2_ws/install/my_bot/share/my_bot/description
[0.182s] -- Up-to-date: /home/aaron/ros2_ws/install/my_bot/share/my_bot/description/urdf
[0.182s] -- Up-to-date: /home/aaron/ros2_ws/install/my_bot/share/my_bot/description/urdf/config.json
[0.182s] -- Up-to-date: /home/aaron/ros2_ws/install/my_bot/share/my_bot/description/urdf/robot.urdf.xacro
[0.182s] -- Up-to-date: /home/aaron/ros2_ws/install/my_bot/share/my_bot/description/urdf/robot.urdf
[0.182s] -- Up-to-date: /home/aaron/ros2_ws/install/my_bot/share/my_bot/description/meshes
[0.183s] -- Up-to-date: /home/aaron/ros2_ws/install/my_bot/share/my_bot/description/meshes/link2.stl
[0.183s] -- Up-to-date: /home/aaron/ros2_ws/install/my_bot/share/my_bot/description/meshes/link3.part
[0.183s] -- Up-to-date: /home/aaron/ros2_ws/install/my_bot/share/my_bot/description/meshes/link2.part
[0.183s] -- Up-to-date: /home/aaron/ros2_ws/install/my_bot/share/my_bot/description/meshes/link1.stl
[0.184s] -- Up-to-date: /home/aaron/ros2_ws/install/my_bot/share/my_bot/description/meshes/link6.part
[0.184s] -- Up-to-date: /home/aaron/ros2_ws/install/my_bot/share/my_bot/description/meshes/link1.part
[0.184s] -- Up-to-date: /home/aaron/ros2_ws/install/my_bot/share/my_bot/description/meshes/link45.part
[0.184s] -- Up-to-date: /home/aaron/ros2_ws/install/my_bot/share/my_bot/description/meshes/link45.stl
[0.185s] -- Up-to-date: /home/aaron/ros2_ws/install/my_bot/share/my_bot/description/meshes/link6.stl
[0.185s] -- Up-to-date: /home/aaron/ros2_ws/install/my_bot/share/my_bot/description/meshes/platform.part
[0.185s] -- Up-to-date: /home/aaron/ros2_ws/install/my_bot/share/my_bot/description/meshes/platform.stl
[0.185s] -- Up-to-date: /home/aaron/ros2_ws/install/my_bot/share/my_bot/description/meshes/link3.stl
[0.185s] -- Up-to-date: /home/aaron/ros2_ws/install/my_bot/share/my_bot/launch
[0.186s] -- Up-to-date: /home/aaron/ros2_ws/install/my_bot/share/my_bot/launch/rsp.launch.py
[0.186s] -- Up-to-date: /home/aaron/ros2_ws/install/my_bot/share/my_bot/worlds
[0.186s] -- Up-to-date: /home/aaron/ros2_ws/install/my_bot/share/my_bot/worlds/empty.world
[0.186s] -- Up-to-date: /home/aaron/ros2_ws/install/my_bot/share/ament_index/resource_index/package_run_dependencies/my_bot
[0.186s] -- Up-to-date: /home/aaron/ros2_ws/install/my_bot/share/ament_index/resource_index/parent_prefix_path/my_bot
[0.193s] -- Up-to-date: /home/aaron/ros2_ws/install/my_bot/share/my_bot/environment/ament_prefix_path.sh
[0.193s] -- Up-to-date: /home/aaron/ros2_ws/install/my_bot/share/my_bot/environment/ament_prefix_path.dsv
[0.194s] -- Up-to-date: /home/aaron/ros2_ws/install/my_bot/share/my_bot/environment/path.sh
[0.194s] -- Up-to-date: /home/aaron/ros2_ws/install/my_bot/share/my_bot/environment/path.dsv
[0.194s] -- Up-to-date: /home/aaron/ros2_ws/install/my_bot/share/my_bot/local_setup.bash
[0.195s] -- Up-to-date: /home/aaron/ros2_ws/install/my_bot/share/my_bot/local_setup.sh
[0.195s] -- Up-to-date: /home/aaron/ros2_ws/install/my_bot/share/my_bot/local_setup.zsh
[0.196s] -- Up-to-date: /home/aaron/ros2_ws/install/my_bot/share/my_bot/local_setup.dsv
[0.196s] -- Up-to-date: /home/aaron/ros2_ws/install/my_bot/share/my_bot/package.dsv
[0.196s] -- Up-to-date: /home/aaron/ros2_ws/install/my_bot/share/ament_index/resource_index/packages/my_bot
[0.197s] -- Up-to-date: /home/aaron/ros2_ws/install/my_bot/share/my_bot/cmake/my_botConfig.cmake
[0.198s] -- Up-to-date: /home/aaron/ros2_ws/install/my_bot/share/my_bot/cmake/my_botConfig-version.cmake
[0.198s] -- Up-to-date: /home/aaron/ros2_ws/install/my_bot/share/my_bot/package.xml
[0.198s] Invoked command in '/home/aaron/ros2_ws/build/my_bot' returned '0': CMAKE_PREFIX_PATH=${CMAKE_PREFIX_PATH}:/opt/ros/kilted /usr/bin/cmake --install /home/aaron/ros2_ws/build/my_bot
