[0.439s] DEBUG:colcon:Command line arguments: ['/usr/bin/colcon', 'build']
[0.440s] DEBUG:colcon:Parsed command line arguments: Namespace(log_base=None, log_level=None, verb_name='build', build_base='build', install_base='install', merge_install=False, symlink_install=False, test_result_base=None, continue_on_error=False, executor='parallel', parallel_workers=4, event_handlers=None, ignore_user_meta=False, metas=['./colcon.meta'], base_paths=['.'], packages_ignore=None, packages_ignore_regex=None, paths=None, packages_up_to=None, packages_up_to_regex=None, packages_above=None, packages_above_and_dependencies=None, packages_above_depth=None, packages_select_by_dep=None, packages_skip_by_dep=None, packages_skip_up_to=None, packages_select_build_failed=False, packages_skip_build_finished=False, packages_select_test_failures=False, packages_skip_test_passed=False, packages_select=None, packages_skip=None, packages_select_regex=None, packages_skip_regex=None, packages_start=None, packages_end=None, allow_overriding=[], cmake_args=None, cmake_target=None, cmake_target_skip_unavailable=False, cmake_clean_cache=False, cmake_clean_first=False, cmake_force_configure=False, ament_cmake_args=None, catkin_cmake_args=None, catkin_skip_building_tests=False, mixin_files=None, mixin=None, verb_parser=<colcon_mixin.mixin.mixin_argument.MixinArgumentDecorator object at 0x72935bfbffe0>, verb_extension=<colcon_core.verb.build.BuildVerb object at 0x72935bfbf7a0>, main=<bound method BuildVerb.main of <colcon_core.verb.build.BuildVerb object at 0x72935bfbf7a0>>, mixin_verb=('build',))
[0.690s] Level 1:colcon.colcon_core.package_discovery:discover_packages(colcon_meta) check parameters
[0.691s] Level 1:colcon.colcon_core.package_discovery:discover_packages(recursive) check parameters
[0.691s] Level 1:colcon.colcon_core.package_discovery:discover_packages(ignore) check parameters
[0.692s] Level 1:colcon.colcon_core.package_discovery:discover_packages(path) check parameters
[0.693s] Level 1:colcon.colcon_core.package_discovery:discover_packages(colcon_meta) discover
[0.693s] Level 1:colcon.colcon_core.package_discovery:discover_packages(recursive) discover
[0.694s] INFO:colcon.colcon_core.package_discovery:Crawling recursively for packages in '/home/aaron/ros2_ws'
[0.694s] Level 1:colcon.colcon_core.package_identification:_identify(.) by extensions ['ignore', 'ignore_ament_install']
[0.694s] Level 1:colcon.colcon_core.package_identification:_identify(.) by extension 'ignore'
[0.694s] Level 1:colcon.colcon_core.package_identification:_identify(.) by extension 'ignore_ament_install'
[0.695s] Level 1:colcon.colcon_core.package_identification:_identify(.) by extensions ['colcon_pkg']
[0.695s] Level 1:colcon.colcon_core.package_identification:_identify(.) by extension 'colcon_pkg'
[0.695s] Level 1:colcon.colcon_core.package_identification:_identify(.) by extensions ['colcon_meta']
[0.695s] Level 1:colcon.colcon_core.package_identification:_identify(.) by extension 'colcon_meta'
[0.695s] Level 1:colcon.colcon_core.package_identification:_identify(.) by extensions ['ros']
[0.695s] Level 1:colcon.colcon_core.package_identification:_identify(.) by extension 'ros'
[0.800s] DEBUG:colcon.colcon_core.package_identification:Package '.' with type 'ros.ament_cmake' and name 'my_bot'
[0.801s] Level 1:colcon.colcon_core.package_discovery:discover_packages(recursive) using defaults
[0.802s] Level 1:colcon.colcon_core.package_discovery:discover_packages(ignore) discover
[0.802s] Level 1:colcon.colcon_core.package_discovery:discover_packages(ignore) using defaults
[0.802s] Level 1:colcon.colcon_core.package_discovery:discover_packages(path) discover
[0.802s] Level 1:colcon.colcon_core.package_discovery:discover_packages(path) using defaults
[0.873s] Level 1:colcon.colcon_core.package_discovery:discover_packages(prefix_path) check parameters
[0.873s] Level 1:colcon.colcon_core.package_discovery:discover_packages(prefix_path) discover
[0.878s] WARNING:colcon.colcon_ros.prefix_path.ament:The path '/home/aaron/ros2_ws/install/my_bot' in the environment variable AMENT_PREFIX_PATH doesn't exist
[0.878s] WARNING:colcon.colcon_ros.prefix_path.catkin:The path '/home/aaron/ros2_ws/install/my_bot' in the environment variable CMAKE_PREFIX_PATH doesn't exist
[0.882s] DEBUG:colcon.colcon_installed_package_information.package_discovery:Found 0 installed packages in /home/aaron/ros2_ws/install
[0.898s] DEBUG:colcon.colcon_installed_package_information.package_discovery:Found 338 installed packages in /opt/ros/kilted
[0.934s] Level 1:colcon.colcon_core.package_discovery:discover_packages(prefix_path) using defaults
[1.229s] Level 5:colcon.colcon_core.verb:set package 'my_bot' build argument 'cmake_args' from command line to 'None'
[1.230s] Level 5:colcon.colcon_core.verb:set package 'my_bot' build argument 'cmake_target' from command line to 'None'
[1.230s] Level 5:colcon.colcon_core.verb:set package 'my_bot' build argument 'cmake_target_skip_unavailable' from command line to 'False'
[1.230s] Level 5:colcon.colcon_core.verb:set package 'my_bot' build argument 'cmake_clean_cache' from command line to 'False'
[1.230s] Level 5:colcon.colcon_core.verb:set package 'my_bot' build argument 'cmake_clean_first' from command line to 'False'
[1.230s] Level 5:colcon.colcon_core.verb:set package 'my_bot' build argument 'cmake_force_configure' from command line to 'False'
[1.230s] Level 5:colcon.colcon_core.verb:set package 'my_bot' build argument 'ament_cmake_args' from command line to 'None'
[1.230s] Level 5:colcon.colcon_core.verb:set package 'my_bot' build argument 'catkin_cmake_args' from command line to 'None'
[1.230s] Level 5:colcon.colcon_core.verb:set package 'my_bot' build argument 'catkin_skip_building_tests' from command line to 'False'
[1.230s] DEBUG:colcon.colcon_core.verb:Building package 'my_bot' with the following arguments: {'ament_cmake_args': None, 'build_base': '/home/aaron/ros2_ws/build/my_bot', 'catkin_cmake_args': None, 'catkin_skip_building_tests': False, 'cmake_args': None, 'cmake_clean_cache': False, 'cmake_clean_first': False, 'cmake_force_configure': False, 'cmake_target': None, 'cmake_target_skip_unavailable': False, 'install_base': '/home/aaron/ros2_ws/install/my_bot', 'merge_install': False, 'path': '/home/aaron/ros2_ws', 'symlink_install': False, 'test_result_base': None}
[1.231s] INFO:colcon.colcon_core.executor:Executing jobs using 'parallel' executor
[1.235s] DEBUG:colcon.colcon_parallel_executor.executor.parallel:run_until_complete
[1.235s] INFO:colcon.colcon_ros.task.ament_cmake.build:Building ROS package in '/home/aaron/ros2_ws' with build type 'ament_cmake'
[1.236s] INFO:colcon.colcon_cmake.task.cmake.build:Building CMake package in '/home/aaron/ros2_ws'
[1.243s] INFO:colcon.colcon_core.plugin_system:Skipping extension 'colcon_core.shell.bat': Not used on non-Windows systems
[1.243s] INFO:colcon.colcon_core.shell:Skip shell extension 'powershell' for command environment: Not usable outside of PowerShell
[1.244s] DEBUG:colcon.colcon_core.shell:Skip shell extension 'dsv' for command environment
[1.272s] DEBUG:colcon.colcon_core.event_handler.log_command:Invoking command in '/home/aaron/ros2_ws/build/my_bot': CMAKE_PREFIX_PATH=${CMAKE_PREFIX_PATH}:/opt/ros/kilted /usr/bin/cmake /home/aaron/ros2_ws -DCMAKE_INSTALL_PREFIX=/home/aaron/ros2_ws/install/my_bot
[11.494s] DEBUG:colcon.colcon_core.event_handler.log_command:Invoked command in '/home/aaron/ros2_ws/build/my_bot' returned '0': CMAKE_PREFIX_PATH=${CMAKE_PREFIX_PATH}:/opt/ros/kilted /usr/bin/cmake /home/aaron/ros2_ws -DCMAKE_INSTALL_PREFIX=/home/aaron/ros2_ws/install/my_bot
[11.498s] DEBUG:colcon.colcon_core.event_handler.log_command:Invoking command in '/home/aaron/ros2_ws/build/my_bot': CMAKE_PREFIX_PATH=${CMAKE_PREFIX_PATH}:/opt/ros/kilted /usr/bin/cmake --build /home/aaron/ros2_ws/build/my_bot -- -j4 -l4
[11.676s] DEBUG:colcon.colcon_core.event_handler.log_command:Invoked command in '/home/aaron/ros2_ws/build/my_bot' returned '0': CMAKE_PREFIX_PATH=${CMAKE_PREFIX_PATH}:/opt/ros/kilted /usr/bin/cmake --build /home/aaron/ros2_ws/build/my_bot -- -j4 -l4
[11.706s] DEBUG:colcon.colcon_core.event_handler.log_command:Invoking command in '/home/aaron/ros2_ws/build/my_bot': CMAKE_PREFIX_PATH=${CMAKE_PREFIX_PATH}:/opt/ros/kilted /usr/bin/cmake --install /home/aaron/ros2_ws/build/my_bot
[11.763s] Level 1:colcon.colcon_core.environment:create_environment_scripts_only(my_bot)
[11.764s] DEBUG:colcon.colcon_core.event_handler.log_command:Invoked command in '/home/aaron/ros2_ws/build/my_bot' returned '0': CMAKE_PREFIX_PATH=${CMAKE_PREFIX_PATH}:/opt/ros/kilted /usr/bin/cmake --install /home/aaron/ros2_ws/build/my_bot
[11.768s] Level 1:colcon.colcon_core.environment:checking '/home/aaron/ros2_ws/install/my_bot' for CMake module files
[11.770s] Level 1:colcon.colcon_core.environment:checking '/home/aaron/ros2_ws/install/my_bot' for CMake config files
[11.771s] Level 1:colcon.colcon_core.shell:create_environment_hook('my_bot', 'cmake_prefix_path')
[11.771s] INFO:colcon.colcon_core.shell:Creating environment hook '/home/aaron/ros2_ws/install/my_bot/share/my_bot/hook/cmake_prefix_path.ps1'
[11.773s] INFO:colcon.colcon_core.shell:Creating environment descriptor '/home/aaron/ros2_ws/install/my_bot/share/my_bot/hook/cmake_prefix_path.dsv'
[11.774s] INFO:colcon.colcon_core.shell:Creating environment hook '/home/aaron/ros2_ws/install/my_bot/share/my_bot/hook/cmake_prefix_path.sh'
[11.776s] Level 1:colcon.colcon_core.environment:checking '/home/aaron/ros2_ws/install/my_bot/bin'
[11.776s] Level 1:colcon.colcon_core.environment:checking '/home/aaron/ros2_ws/install/my_bot/lib/pkgconfig/my_bot.pc'
[11.776s] Level 1:colcon.colcon_core.environment:checking '/home/aaron/ros2_ws/install/my_bot/lib/python3.12/site-packages'
[11.777s] Level 1:colcon.colcon_core.environment:checking '/home/aaron/ros2_ws/install/my_bot/bin'
[11.778s] INFO:colcon.colcon_core.shell:Creating package script '/home/aaron/ros2_ws/install/my_bot/share/my_bot/package.ps1'
[11.779s] INFO:colcon.colcon_core.shell:Creating package descriptor '/home/aaron/ros2_ws/install/my_bot/share/my_bot/package.dsv'
[11.781s] INFO:colcon.colcon_core.shell:Creating package script '/home/aaron/ros2_ws/install/my_bot/share/my_bot/package.sh'
[11.782s] INFO:colcon.colcon_core.shell:Creating package script '/home/aaron/ros2_ws/install/my_bot/share/my_bot/package.bash'
[11.784s] INFO:colcon.colcon_core.shell:Creating package script '/home/aaron/ros2_ws/install/my_bot/share/my_bot/package.zsh'
[11.785s] Level 1:colcon.colcon_core.environment:create_file_with_runtime_dependencies(/home/aaron/ros2_ws/install/my_bot/share/colcon-core/packages/my_bot)
[11.786s] Level 1:colcon.colcon_core.environment:create_environment_scripts_only(my_bot)
[11.787s] Level 1:colcon.colcon_core.environment:checking '/home/aaron/ros2_ws/install/my_bot' for CMake module files
[11.788s] Level 1:colcon.colcon_core.environment:checking '/home/aaron/ros2_ws/install/my_bot' for CMake config files
[11.789s] Level 1:colcon.colcon_core.shell:create_environment_hook('my_bot', 'cmake_prefix_path')
[11.790s] INFO:colcon.colcon_core.shell:Creating environment hook '/home/aaron/ros2_ws/install/my_bot/share/my_bot/hook/cmake_prefix_path.ps1'
[11.791s] INFO:colcon.colcon_core.shell:Creating environment descriptor '/home/aaron/ros2_ws/install/my_bot/share/my_bot/hook/cmake_prefix_path.dsv'
[11.792s] INFO:colcon.colcon_core.shell:Creating environment hook '/home/aaron/ros2_ws/install/my_bot/share/my_bot/hook/cmake_prefix_path.sh'
[11.793s] Level 1:colcon.colcon_core.environment:checking '/home/aaron/ros2_ws/install/my_bot/bin'
[11.794s] Level 1:colcon.colcon_core.environment:checking '/home/aaron/ros2_ws/install/my_bot/lib/pkgconfig/my_bot.pc'
[11.794s] Level 1:colcon.colcon_core.environment:checking '/home/aaron/ros2_ws/install/my_bot/lib/python3.12/site-packages'
[11.795s] Level 1:colcon.colcon_core.environment:checking '/home/aaron/ros2_ws/install/my_bot/bin'
[11.795s] INFO:colcon.colcon_core.shell:Creating package script '/home/aaron/ros2_ws/install/my_bot/share/my_bot/package.ps1'
[11.797s] INFO:colcon.colcon_core.shell:Creating package descriptor '/home/aaron/ros2_ws/install/my_bot/share/my_bot/package.dsv'
[11.798s] INFO:colcon.colcon_core.shell:Creating package script '/home/aaron/ros2_ws/install/my_bot/share/my_bot/package.sh'
[11.799s] INFO:colcon.colcon_core.shell:Creating package script '/home/aaron/ros2_ws/install/my_bot/share/my_bot/package.bash'
[11.801s] INFO:colcon.colcon_core.shell:Creating package script '/home/aaron/ros2_ws/install/my_bot/share/my_bot/package.zsh'
[11.802s] Level 1:colcon.colcon_core.environment:create_file_with_runtime_dependencies(/home/aaron/ros2_ws/install/my_bot/share/colcon-core/packages/my_bot)
[11.803s] DEBUG:colcon.colcon_parallel_executor.executor.parallel:closing loop
[11.804s] DEBUG:colcon.colcon_parallel_executor.executor.parallel:loop closed
[11.805s] DEBUG:colcon.colcon_parallel_executor.executor.parallel:run_until_complete finished with '0'
[11.805s] DEBUG:colcon.colcon_core.event_reactor:joining thread
[11.819s] INFO:colcon.colcon_core.plugin_system:Skipping extension 'colcon_notification.desktop_notification.terminal_notifier': Not used on non-Darwin systems
[11.820s] INFO:colcon.colcon_core.plugin_system:Skipping extension 'colcon_notification.desktop_notification.win32': Not used on non-Windows systems
[11.820s] INFO:colcon.colcon_notification.desktop_notification:Sending desktop notification using 'notify2'
[11.838s] DEBUG:colcon.colcon_core.event_reactor:joined thread
[11.840s] INFO:colcon.colcon_core.shell:Creating prefix script '/home/aaron/ros2_ws/install/local_setup.ps1'
[11.845s] INFO:colcon.colcon_core.shell:Creating prefix util module '/home/aaron/ros2_ws/install/_local_setup_util_ps1.py'
[11.849s] INFO:colcon.colcon_core.shell:Creating prefix chain script '/home/aaron/ros2_ws/install/setup.ps1'
[11.853s] INFO:colcon.colcon_core.shell:Creating prefix script '/home/aaron/ros2_ws/install/local_setup.sh'
[11.856s] INFO:colcon.colcon_core.shell:Creating prefix util module '/home/aaron/ros2_ws/install/_local_setup_util_sh.py'
[11.858s] INFO:colcon.colcon_core.shell:Creating prefix chain script '/home/aaron/ros2_ws/install/setup.sh'
[11.862s] INFO:colcon.colcon_core.shell:Creating prefix script '/home/aaron/ros2_ws/install/local_setup.bash'
[11.863s] INFO:colcon.colcon_core.shell:Creating prefix chain script '/home/aaron/ros2_ws/install/setup.bash'
[11.866s] INFO:colcon.colcon_core.shell:Creating prefix script '/home/aaron/ros2_ws/install/local_setup.zsh'
[11.868s] INFO:colcon.colcon_core.shell:Creating prefix chain script '/home/aaron/ros2_ws/install/setup.zsh'
