[1.270s] DEBUG:colcon:Command line arguments: ['/usr/bin/colcon', 'build']
[1.270s] DEBUG:colcon:Parsed command line arguments: Namespace(log_base=None, log_level=None, verb_name='build', build_base='build', install_base='install', merge_install=False, symlink_install=False, test_result_base=None, continue_on_error=False, executor='parallel', parallel_workers=4, event_handlers=None, ignore_user_meta=False, metas=['./colcon.meta'], base_paths=['.'], packages_ignore=None, packages_ignore_regex=None, paths=None, packages_up_to=None, packages_up_to_regex=None, packages_above=None, packages_above_and_dependencies=None, packages_above_depth=None, packages_select_by_dep=None, packages_skip_by_dep=None, packages_skip_up_to=None, packages_select_build_failed=False, packages_skip_build_finished=False, packages_select_test_failures=False, packages_skip_test_passed=False, packages_select=None, packages_skip=None, packages_select_regex=None, packages_skip_regex=None, packages_start=None, packages_end=None, allow_overriding=[], cmake_args=None, cmake_target=None, cmake_target_skip_unavailable=False, cmake_clean_cache=False, cmake_clean_first=False, cmake_force_configure=False, ament_cmake_args=None, catkin_cmake_args=None, catkin_skip_building_tests=False, mixin_files=None, mixin=None, verb_parser=<colcon_mixin.mixin.mixin_argument.MixinArgumentDecorator object at 0x75fbfa6dc170>, verb_extension=<colcon_core.verb.build.BuildVerb object at 0x75fbfa6afe30>, main=<bound method BuildVerb.main of <colcon_core.verb.build.BuildVerb object at 0x75fbfa6afe30>>, mixin_verb=('build',))
[1.406s] Level 1:colcon.colcon_core.package_discovery:discover_packages(colcon_meta) check parameters
[1.406s] Level 1:colcon.colcon_core.package_discovery:discover_packages(recursive) check parameters
[1.406s] Level 1:colcon.colcon_core.package_discovery:discover_packages(ignore) check parameters
[1.406s] Level 1:colcon.colcon_core.package_discovery:discover_packages(path) check parameters
[1.406s] Level 1:colcon.colcon_core.package_discovery:discover_packages(colcon_meta) discover
[1.406s] Level 1:colcon.colcon_core.package_discovery:discover_packages(recursive) discover
[1.407s] INFO:colcon.colcon_core.package_discovery:Crawling recursively for packages in '/home/aaron/ros2_ws'
[1.407s] Level 1:colcon.colcon_core.package_identification:_identify(.) by extensions ['ignore', 'ignore_ament_install']
[1.407s] Level 1:colcon.colcon_core.package_identification:_identify(.) by extension 'ignore'
[1.407s] Level 1:colcon.colcon_core.package_identification:_identify(.) by extension 'ignore_ament_install'
[1.407s] Level 1:colcon.colcon_core.package_identification:_identify(.) by extensions ['colcon_pkg']
[1.407s] Level 1:colcon.colcon_core.package_identification:_identify(.) by extension 'colcon_pkg'
[1.408s] Level 1:colcon.colcon_core.package_identification:_identify(.) by extensions ['colcon_meta']
[1.408s] Level 1:colcon.colcon_core.package_identification:_identify(.) by extension 'colcon_meta'
[1.408s] Level 1:colcon.colcon_core.package_identification:_identify(.) by extensions ['ros']
[1.408s] Level 1:colcon.colcon_core.package_identification:_identify(.) by extension 'ros'
[1.482s] DEBUG:colcon.colcon_core.package_identification:Package '.' with type 'ros.ament_cmake' and name 'my_bot'
[1.482s] Level 1:colcon.colcon_core.package_discovery:discover_packages(recursive) using defaults
[1.482s] Level 1:colcon.colcon_core.package_discovery:discover_packages(ignore) discover
[1.482s] Level 1:colcon.colcon_core.package_discovery:discover_packages(ignore) using defaults
[1.482s] Level 1:colcon.colcon_core.package_discovery:discover_packages(path) discover
[1.482s] Level 1:colcon.colcon_core.package_discovery:discover_packages(path) using defaults
[1.523s] Level 1:colcon.colcon_core.package_discovery:discover_packages(prefix_path) check parameters
[1.524s] Level 1:colcon.colcon_core.package_discovery:discover_packages(prefix_path) discover
[1.528s] DEBUG:colcon.colcon_installed_package_information.package_discovery:Found 1 installed packages in /home/aaron/ros2_ws/install
[1.531s] DEBUG:colcon.colcon_installed_package_information.package_discovery:Found 338 installed packages in /opt/ros/kilted
[1.537s] Level 1:colcon.colcon_core.package_discovery:discover_packages(prefix_path) using defaults
[1.663s] Level 5:colcon.colcon_core.verb:set package 'my_bot' build argument 'cmake_args' from command line to 'None'
[1.663s] Level 5:colcon.colcon_core.verb:set package 'my_bot' build argument 'cmake_target' from command line to 'None'
[1.663s] Level 5:colcon.colcon_core.verb:set package 'my_bot' build argument 'cmake_target_skip_unavailable' from command line to 'False'
[1.663s] Level 5:colcon.colcon_core.verb:set package 'my_bot' build argument 'cmake_clean_cache' from command line to 'False'
[1.663s] Level 5:colcon.colcon_core.verb:set package 'my_bot' build argument 'cmake_clean_first' from command line to 'False'
[1.663s] Level 5:colcon.colcon_core.verb:set package 'my_bot' build argument 'cmake_force_configure' from command line to 'False'
[1.663s] Level 5:colcon.colcon_core.verb:set package 'my_bot' build argument 'ament_cmake_args' from command line to 'None'
[1.663s] Level 5:colcon.colcon_core.verb:set package 'my_bot' build argument 'catkin_cmake_args' from command line to 'None'
[1.663s] Level 5:colcon.colcon_core.verb:set package 'my_bot' build argument 'catkin_skip_building_tests' from command line to 'False'
[1.663s] DEBUG:colcon.colcon_core.verb:Building package 'my_bot' with the following arguments: {'ament_cmake_args': None, 'build_base': '/home/aaron/ros2_ws/build/my_bot', 'catkin_cmake_args': None, 'catkin_skip_building_tests': False, 'cmake_args': None, 'cmake_clean_cache': False, 'cmake_clean_first': False, 'cmake_force_configure': False, 'cmake_target': None, 'cmake_target_skip_unavailable': False, 'install_base': '/home/aaron/ros2_ws/install/my_bot', 'merge_install': False, 'path': '/home/aaron/ros2_ws', 'symlink_install': False, 'test_result_base': None}
[1.664s] INFO:colcon.colcon_core.executor:Executing jobs using 'parallel' executor
[1.666s] DEBUG:colcon.colcon_parallel_executor.executor.parallel:run_until_complete
[1.666s] INFO:colcon.colcon_ros.task.ament_cmake.build:Building ROS package in '/home/aaron/ros2_ws' with build type 'ament_cmake'
[1.667s] INFO:colcon.colcon_cmake.task.cmake.build:Building CMake package in '/home/aaron/ros2_ws'
[1.671s] INFO:colcon.colcon_core.plugin_system:Skipping extension 'colcon_core.shell.bat': Not used on non-Windows systems
[1.672s] INFO:colcon.colcon_core.shell:Skip shell extension 'powershell' for command environment: Not usable outside of PowerShell
[1.672s] DEBUG:colcon.colcon_core.shell:Skip shell extension 'dsv' for command environment
[1.698s] DEBUG:colcon.colcon_core.event_handler.log_command:Invoking command in '/home/aaron/ros2_ws/build/my_bot': CMAKE_PREFIX_PATH=${CMAKE_PREFIX_PATH}:/opt/ros/kilted /usr/bin/cmake --build /home/aaron/ros2_ws/build/my_bot -- -j4 -l4
[1.800s] DEBUG:colcon.colcon_core.event_handler.log_command:Invoked command in '/home/aaron/ros2_ws/build/my_bot' returned '0': CMAKE_PREFIX_PATH=${CMAKE_PREFIX_PATH}:/opt/ros/kilted /usr/bin/cmake --build /home/aaron/ros2_ws/build/my_bot -- -j4 -l4
[1.826s] DEBUG:colcon.colcon_core.event_handler.log_command:Invoking command in '/home/aaron/ros2_ws/build/my_bot': CMAKE_PREFIX_PATH=${CMAKE_PREFIX_PATH}:/opt/ros/kilted /usr/bin/cmake --install /home/aaron/ros2_ws/build/my_bot
[1.856s] Level 1:colcon.colcon_core.environment:create_environment_scripts_only(my_bot)
[1.867s] DEBUG:colcon.colcon_core.event_handler.log_command:Invoked command in '/home/aaron/ros2_ws/build/my_bot' returned '0': CMAKE_PREFIX_PATH=${CMAKE_PREFIX_PATH}:/opt/ros/kilted /usr/bin/cmake --install /home/aaron/ros2_ws/build/my_bot
[1.869s] Level 1:colcon.colcon_core.environment:checking '/home/aaron/ros2_ws/install/my_bot' for CMake module files
[1.871s] Level 1:colcon.colcon_core.environment:checking '/home/aaron/ros2_ws/install/my_bot' for CMake config files
[1.871s] Level 1:colcon.colcon_core.shell:create_environment_hook('my_bot', 'cmake_prefix_path')
[1.872s] INFO:colcon.colcon_core.shell:Creating environment hook '/home/aaron/ros2_ws/install/my_bot/share/my_bot/hook/cmake_prefix_path.ps1'
[1.874s] INFO:colcon.colcon_core.shell:Creating environment descriptor '/home/aaron/ros2_ws/install/my_bot/share/my_bot/hook/cmake_prefix_path.dsv'
[1.876s] INFO:colcon.colcon_core.shell:Creating environment hook '/home/aaron/ros2_ws/install/my_bot/share/my_bot/hook/cmake_prefix_path.sh'
[1.878s] Level 1:colcon.colcon_core.environment:checking '/home/aaron/ros2_ws/install/my_bot/bin'
[1.878s] Level 1:colcon.colcon_core.environment:checking '/home/aaron/ros2_ws/install/my_bot/lib/pkgconfig/my_bot.pc'
[1.879s] Level 1:colcon.colcon_core.environment:checking '/home/aaron/ros2_ws/install/my_bot/lib/python3.12/site-packages'
[1.879s] Level 1:colcon.colcon_core.environment:checking '/home/aaron/ros2_ws/install/my_bot/bin'
[1.880s] INFO:colcon.colcon_core.shell:Creating package script '/home/aaron/ros2_ws/install/my_bot/share/my_bot/package.ps1'
[1.882s] INFO:colcon.colcon_core.shell:Creating package descriptor '/home/aaron/ros2_ws/install/my_bot/share/my_bot/package.dsv'
[1.884s] INFO:colcon.colcon_core.shell:Creating package script '/home/aaron/ros2_ws/install/my_bot/share/my_bot/package.sh'
[1.886s] INFO:colcon.colcon_core.shell:Creating package script '/home/aaron/ros2_ws/install/my_bot/share/my_bot/package.bash'
[1.888s] INFO:colcon.colcon_core.shell:Creating package script '/home/aaron/ros2_ws/install/my_bot/share/my_bot/package.zsh'
[1.889s] Level 1:colcon.colcon_core.environment:create_file_with_runtime_dependencies(/home/aaron/ros2_ws/install/my_bot/share/colcon-core/packages/my_bot)
[1.891s] Level 1:colcon.colcon_core.environment:create_environment_scripts_only(my_bot)
[1.891s] Level 1:colcon.colcon_core.environment:checking '/home/aaron/ros2_ws/install/my_bot' for CMake module files
[1.893s] Level 1:colcon.colcon_core.environment:checking '/home/aaron/ros2_ws/install/my_bot' for CMake config files
[1.893s] Level 1:colcon.colcon_core.shell:create_environment_hook('my_bot', 'cmake_prefix_path')
[1.894s] INFO:colcon.colcon_core.shell:Creating environment hook '/home/aaron/ros2_ws/install/my_bot/share/my_bot/hook/cmake_prefix_path.ps1'
[1.895s] INFO:colcon.colcon_core.shell:Creating environment descriptor '/home/aaron/ros2_ws/install/my_bot/share/my_bot/hook/cmake_prefix_path.dsv'
[1.895s] INFO:colcon.colcon_core.shell:Creating environment hook '/home/aaron/ros2_ws/install/my_bot/share/my_bot/hook/cmake_prefix_path.sh'
[1.897s] Level 1:colcon.colcon_core.environment:checking '/home/aaron/ros2_ws/install/my_bot/bin'
[1.898s] Level 1:colcon.colcon_core.environment:checking '/home/aaron/ros2_ws/install/my_bot/lib/pkgconfig/my_bot.pc'
[1.899s] Level 1:colcon.colcon_core.environment:checking '/home/aaron/ros2_ws/install/my_bot/lib/python3.12/site-packages'
[1.899s] Level 1:colcon.colcon_core.environment:checking '/home/aaron/ros2_ws/install/my_bot/bin'
[1.900s] INFO:colcon.colcon_core.shell:Creating package script '/home/aaron/ros2_ws/install/my_bot/share/my_bot/package.ps1'
[1.903s] INFO:colcon.colcon_core.shell:Creating package descriptor '/home/aaron/ros2_ws/install/my_bot/share/my_bot/package.dsv'
[1.905s] INFO:colcon.colcon_core.shell:Creating package script '/home/aaron/ros2_ws/install/my_bot/share/my_bot/package.sh'
[1.907s] INFO:colcon.colcon_core.shell:Creating package script '/home/aaron/ros2_ws/install/my_bot/share/my_bot/package.bash'
[1.909s] INFO:colcon.colcon_core.shell:Creating package script '/home/aaron/ros2_ws/install/my_bot/share/my_bot/package.zsh'
[1.910s] Level 1:colcon.colcon_core.environment:create_file_with_runtime_dependencies(/home/aaron/ros2_ws/install/my_bot/share/colcon-core/packages/my_bot)
[1.911s] DEBUG:colcon.colcon_parallel_executor.executor.parallel:closing loop
[1.913s] DEBUG:colcon.colcon_parallel_executor.executor.parallel:loop closed
[1.914s] DEBUG:colcon.colcon_parallel_executor.executor.parallel:run_until_complete finished with '0'
[1.914s] DEBUG:colcon.colcon_core.event_reactor:joining thread
[1.930s] INFO:colcon.colcon_core.plugin_system:Skipping extension 'colcon_notification.desktop_notification.terminal_notifier': Not used on non-Darwin systems
[1.930s] INFO:colcon.colcon_core.plugin_system:Skipping extension 'colcon_notification.desktop_notification.win32': Not used on non-Windows systems
[1.931s] INFO:colcon.colcon_notification.desktop_notification:Sending desktop notification using 'notify2'
[1.946s] DEBUG:colcon.colcon_core.event_reactor:joined thread
[1.946s] INFO:colcon.colcon_core.shell:Creating prefix script '/home/aaron/ros2_ws/install/local_setup.ps1'
[1.949s] INFO:colcon.colcon_core.shell:Creating prefix util module '/home/aaron/ros2_ws/install/_local_setup_util_ps1.py'
[1.953s] INFO:colcon.colcon_core.shell:Creating prefix chain script '/home/aaron/ros2_ws/install/setup.ps1'
[1.957s] INFO:colcon.colcon_core.shell:Creating prefix script '/home/aaron/ros2_ws/install/local_setup.sh'
[1.959s] INFO:colcon.colcon_core.shell:Creating prefix util module '/home/aaron/ros2_ws/install/_local_setup_util_sh.py'
[1.961s] INFO:colcon.colcon_core.shell:Creating prefix chain script '/home/aaron/ros2_ws/install/setup.sh'
[1.964s] INFO:colcon.colcon_core.shell:Creating prefix script '/home/aaron/ros2_ws/install/local_setup.bash'
[1.967s] INFO:colcon.colcon_core.shell:Creating prefix chain script '/home/aaron/ros2_ws/install/setup.bash'
[1.974s] INFO:colcon.colcon_core.shell:Creating prefix script '/home/aaron/ros2_ws/install/local_setup.zsh'
[1.976s] INFO:colcon.colcon_core.shell:Creating prefix chain script '/home/aaron/ros2_ws/install/setup.zsh'
