-- Found ament_cmake: 2.7.3 (/opt/ros/kilted/share/ament_cmake/cmake)
-- Override CMake install command with custom implementation using symlinks instead of copying resources
-- Found ament_lint_auto: 0.19.2 (/opt/ros/kilted/share/ament_lint_auto/cmake)
-- Added test 'copyright' to check source files copyright and LICENSE
-- Added test 'cppcheck' to perform static code analysis on C / C++ code
-- Configured cppcheck include dirs: 
-- Configured cppcheck exclude dirs and/or files: 
-- Added test 'cpplint' to check C / C++ code against the Google style
-- Configured cpplint exclude dirs and/or files: 
-- Added test 'flake8' to check Python code syntax and style conventions
-- Configured 'flake8' exclude dirs and/or files: 
-- Added test 'lint_cmake' to check CMake code style
-- Added test 'pep257' to check Python code against some of the docstring style conventions in PEP 257
-- Added test 'uncrustify' to check C / C++ code style
-- Configured uncrustify additional arguments: 
-- Added test 'xmllint' to check XML markup files
-- Configuring done (6.0s)
-- Generating done (0.0s)
-- Build files have been written to: /home/aaron/ros2_ws/build/my_bot
-- Install configuration: ""
-- Execute custom install script
-- Symlinking: /home/aaron/ros2_ws/install/my_bot/share/my_bot/config/empty.yaml
-- Symlinking: /home/aaron/ros2_ws/install/my_bot/share/my_bot/config/rviz_config.rviz
-- Symlinking: /home/aaron/ros2_ws/install/my_bot/share/my_bot/description/meshes/link1.part
-- Symlinking: /home/aaron/ros2_ws/install/my_bot/share/my_bot/description/meshes/link1.stl
-- Symlinking: /home/aaron/ros2_ws/install/my_bot/share/my_bot/description/meshes/link2.part
-- Symlinking: /home/aaron/ros2_ws/install/my_bot/share/my_bot/description/meshes/link2.stl
-- Symlinking: /home/aaron/ros2_ws/install/my_bot/share/my_bot/description/meshes/link3.part
-- Symlinking: /home/aaron/ros2_ws/install/my_bot/share/my_bot/description/meshes/link3.stl
-- Symlinking: /home/aaron/ros2_ws/install/my_bot/share/my_bot/description/meshes/link45.part
-- Symlinking: /home/aaron/ros2_ws/install/my_bot/share/my_bot/description/meshes/link45.stl
-- Symlinking: /home/aaron/ros2_ws/install/my_bot/share/my_bot/description/meshes/link6.part
-- Symlinking: /home/aaron/ros2_ws/install/my_bot/share/my_bot/description/meshes/link6.stl
-- Symlinking: /home/aaron/ros2_ws/install/my_bot/share/my_bot/description/meshes/platform.part
-- Symlinking: /home/aaron/ros2_ws/install/my_bot/share/my_bot/description/meshes/platform.stl
-- Symlinking: /home/aaron/ros2_ws/install/my_bot/share/my_bot/description/urdf/config.json
-- Symlinking: /home/aaron/ros2_ws/install/my_bot/share/my_bot/description/urdf/robot.urdf
-- Symlinking: /home/aaron/ros2_ws/install/my_bot/share/my_bot/description/urdf/robot.urdf.xacro
-- Symlinking: /home/aaron/ros2_ws/install/my_bot/share/my_bot/launch/rsp.launch.py
-- Symlinking: /home/aaron/ros2_ws/install/my_bot/share/my_bot/worlds/empty.world
-- Symlinking: /home/aaron/ros2_ws/install/my_bot/share/ament_index/resource_index/package_run_dependencies/my_bot
-- Symlinking: /home/aaron/ros2_ws/install/my_bot/share/ament_index/resource_index/parent_prefix_path/my_bot
-- Symlinking: /home/aaron/ros2_ws/install/my_bot/share/my_bot/environment/ament_prefix_path.sh
-- Symlinking: /home/aaron/ros2_ws/install/my_bot/share/my_bot/environment/ament_prefix_path.dsv
-- Symlinking: /home/aaron/ros2_ws/install/my_bot/share/my_bot/environment/path.sh
-- Symlinking: /home/aaron/ros2_ws/install/my_bot/share/my_bot/environment/path.dsv
-- Symlinking: /home/aaron/ros2_ws/install/my_bot/share/my_bot/local_setup.bash
-- Symlinking: /home/aaron/ros2_ws/install/my_bot/share/my_bot/local_setup.sh
-- Symlinking: /home/aaron/ros2_ws/install/my_bot/share/my_bot/local_setup.zsh
-- Symlinking: /home/aaron/ros2_ws/install/my_bot/share/my_bot/local_setup.dsv
-- Symlinking: /home/aaron/ros2_ws/install/my_bot/share/my_bot/package.dsv
-- Symlinking: /home/aaron/ros2_ws/install/my_bot/share/ament_index/resource_index/packages/my_bot
-- Symlinking: /home/aaron/ros2_ws/install/my_bot/share/my_bot/cmake/my_botConfig.cmake
-- Symlinking: /home/aaron/ros2_ws/install/my_bot/share/my_bot/cmake/my_botConfig-version.cmake
-- Symlinking: /home/aaron/ros2_ws/install/my_bot/share/my_bot/package.xml
